<?xml version="1.0" encoding="UTF-8"?>
<testsuites name="Eventos_PriorizacionFactores" time="133" tests="5" failures="0" errors="0">
   <testsuite name="Eventos_PriorizacionFactores" tests="5" failures="0" errors="0" time="133" timestamp="2019-03-06 11:48:32" hostname="Jessica - INFORMATICA" id="Test Suites/Eventos_PriorizacionFactores">
      <properties>
         <property name="deviceName" value=""/>
         <property name="devicePlatform" value=""/>
         <property name="logFolder" value="C:\\Users\\Jessica\\Katalon Studio\\Daruma Software Modulo Eventos\\Reports\\Eventos_PriorizacionFactores\\20190306_114831"/>
         <property name="logFiles" value="C:\\Users\\Jessica\\Katalon Studio\\Daruma Software Modulo Eventos\\Reports\\Eventos_PriorizacionFactores\\20190306_114831\\execution0.log"/>
         <property name="attachments" value=""/>
         <property name="hostName" value="Jessica - INFORMATICA"/>
         <property name="os" value="Windows 8.1 64bit"/>
         <property name="katalonVersion" value="5.4.1.1"/>
         <property name="browser" value="Chrome 72.0.3626.119"/>
         <property name="hostAddress" value="192.168.0.106"/>
         <property name="sessionId" value="f9ee52fddb21ca35ba9330035d7758be"/>
         <property name="seleniumVersion" value="3.7.1"/>
         <property name="proxyInformation" value="ProxyInformation{proxyOption=NO_PROXY, proxyServerType=HTTP, password=, proxyServerAddress=, proxyServerPort=0}"/>
         <property name="platform" value="Windows 8.1"/>
      </properties>
      <testcase name="Test Cases/1.Configuraciones/4.Priorizacion Factores Contributivos/1.Crear" classname="Test Cases/1.Configuraciones/4.Priorizacion Factores Contributivos/1.Crear" status="PASSED">
         <system-out><![CDATA[2019-03-06 11:48:33 - [TEST_CASE][PASSED] - Test Cases/1.Configuraciones/4.Priorizacion Factores Contributivos/1.Crear: Test Cases/1.Configuraciones/4.Priorizacion Factores Contributivos/1.Crear

2019-03-06 11:48:33 - [TEST_STEP][PASSED] - callTestCase: Call Test Case 'Test Cases/Login_AccesoModulo' successfully

2019-03-06 11:48:33 - [TEST_CASE][PASSED] - Test Cases/Login_AccesoModulo: Test Cases/Login_AccesoModulo

2019-03-06 11:48:34 - [TEST_STEP][PASSED] - openBrowser: Browser is opened with url: ''

2019-03-06 11:48:37 - [MESSAGE][PASSED] - Browser is opened with url: ''

2019-03-06 11:48:37 - [TEST_STEP][PASSED] - navigateToUrl: Navigate to 'http://54.203.130.100:8106/app_mysql.php/' successfully

2019-03-06 11:48:46 - [MESSAGE][PASSED] - Navigate to 'http://54.203.130.100:8106/app_mysql.php/' successfully

2019-03-06 11:48:46 - [TEST_STEP][PASSED] - setText: Text 'Tester4' is set on object 'Object Repository/Login/USER'

2019-03-06 11:48:47 - [MESSAGE][PASSED] - Text 'Tester4' is set on object 'Object Repository/Login/USER'

2019-03-06 11:48:47 - [TEST_STEP][PASSED] - setText: Text 'c4m1n0' is set on object 'Object Repository/Login/PASSWORD'

2019-03-06 11:48:47 - [MESSAGE][PASSED] - Text 'c4m1n0' is set on object 'Object Repository/Login/PASSWORD'

2019-03-06 11:48:47 - [TEST_STEP][PASSED] - click: Object: 'Object Repository/Login/btnIngresar' is clicked on

2019-03-06 11:48:50 - [MESSAGE][PASSED] - Object: 'Object Repository/Login/btnIngresar' is clicked on

2019-03-06 11:48:50 - [TEST_STEP][PASSED] - navigateToUrl: Navigate to 'http://54.203.130.100:8106/app_mysql.php/' successfully

2019-03-06 11:48:52 - [MESSAGE][PASSED] - Navigate to 'http://54.203.130.100:8106/app_mysql.php/' successfully

2019-03-06 11:48:52 - [TEST_STEP][PASSED] - click: Object: 'Object Repository/Login/btnModulos' is clicked on

2019-03-06 11:48:52 - [MESSAGE][PASSED] - Object: 'Object Repository/Login/btnModulos' is clicked on

2019-03-06 11:48:52 - [TEST_STEP][PASSED] - click: Object: 'Object Repository/Login/btnEventos' is clicked on

2019-03-06 11:48:53 - [MESSAGE][PASSED] - Object: 'Object Repository/Login/btnEventos' is clicked on

2019-03-06 11:48:53 - [MESSAGE][PASSED] - Call Test Case 'Test Cases/Login_AccesoModulo' successfully

2019-03-06 11:48:53 - [TEST_STEP][PASSED] - delay: Delayed 2 second(s)

2019-03-06 11:48:55 - [MESSAGE][PASSED] - Delayed 2 second(s)

2019-03-06 11:48:55 - [TEST_STEP][PASSED] - executeJavaScript: Execute JavaScript '$("body > div.wrapper > aside > div > section > ul > li.treeview.active.first.last > ul > li.last > a > span.pull-right-container").click();' successfully

2019-03-06 11:48:55 - [MESSAGE][PASSED] - Execute JavaScript '$("body > div.wrapper > aside > div > section > ul > li.treeview.active.first.last > ul > li.last > a > span.pull-right-container").click();' successfully

2019-03-06 11:48:55 - [TEST_STEP][PASSED] - delay: Delayed 2 second(s)

2019-03-06 11:48:57 - [MESSAGE][PASSED] - Delayed 2 second(s)

2019-03-06 11:48:57 - [TEST_STEP][PASSED] - executeJavaScript: Execute JavaScript '$("body > div.wrapper > aside > div > section > ul > li.treeview.active.first.last > ul > li.last.active > ul > li:nth-child(16) > a").click();' successfully

2019-03-06 11:48:57 - [MESSAGE][PASSED] - Execute JavaScript '$("body > div.wrapper > aside > div > section > ul > li.treeview.active.first.last > ul > li.last.active > ul > li:nth-child(16) > a").click();' successfully

2019-03-06 11:48:57 - [TEST_STEP][PASSED] - delay: Delayed 2 second(s)

2019-03-06 11:48:59 - [MESSAGE][PASSED] - Delayed 2 second(s)

2019-03-06 11:48:59 - [TEST_STEP][PASSED] - navigateToUrl: Navigate to 'http://54.203.130.100:8106/app_mysql.php/event_conductive_priority?related_module=event' successfully

2019-03-06 11:49:01 - [MESSAGE][PASSED] - Navigate to 'http://54.203.130.100:8106/app_mysql.php/event_conductive_priority?related_module=event' successfully

2019-03-06 11:49:01 - [TEST_STEP][PASSED] - delay: Delayed 2 second(s)

2019-03-06 11:49:03 - [MESSAGE][PASSED] - Delayed 2 second(s)

2019-03-06 11:49:03 - [TEST_STEP][PASSED] - executeJavaScript: Execute JavaScript '$("body > div.wrapper > div.content-wrapper > section.content-header > div.header-actions > div > a.btn.btn-primary.btn-circle.btn-sm.tq_self_none").click();' successfully

2019-03-06 11:49:03 - [MESSAGE][PASSED] - Execute JavaScript '$("body > div.wrapper > div.content-wrapper > section.content-header > div.header-actions > div > a.btn.btn-primary.btn-circle.btn-sm.tq_self_none").click();' successfully

2019-03-06 11:49:03 - [TEST_STEP][PASSED] - delay: Delayed 2 second(s)

2019-03-06 11:49:05 - [MESSAGE][PASSED] - Delayed 2 second(s)

2019-03-06 11:49:05 - [TEST_STEP][PASSED] - setText: Text 'Priorizacion primera...primera' is set on object 'Object Repository/1.Configuracion/4.Priorizacion Factores Contributivos/1.Crear/inputNombre'

2019-03-06 11:49:05 - [MESSAGE][PASSED] - Text 'Priorizacion primera...primera' is set on object 'Object Repository/1.Configuracion/4.Priorizacion Factores Contributivos/1.Crear/inputNombre'

2019-03-06 11:49:05 - [TEST_STEP][PASSED] - delay: Delayed 2 second(s)

2019-03-06 11:49:07 - [MESSAGE][PASSED] - Delayed 2 second(s)

2019-03-06 11:49:07 - [TEST_STEP][PASSED] - executeJavaScript: Execute JavaScript '$("#event_conductive_priority_require_action").click();' successfully

2019-03-06 11:49:07 - [MESSAGE][PASSED] - Execute JavaScript '$("#event_conductive_priority_require_action").click();' successfully

2019-03-06 11:49:07 - [TEST_STEP][PASSED] - delay: Delayed 2 second(s)

2019-03-06 11:49:09 - [MESSAGE][PASSED] - Delayed 2 second(s)

2019-03-06 11:49:09 - [TEST_STEP][PASSED] - setText: Text '00001' is set on object 'Object Repository/1.Configuracion/4.Priorizacion Factores Contributivos/1.Crear/inputOrden'

2019-03-06 11:49:09 - [MESSAGE][PASSED] - Text '00001' is set on object 'Object Repository/1.Configuracion/4.Priorizacion Factores Contributivos/1.Crear/inputOrden'

2019-03-06 11:49:09 - [TEST_STEP][PASSED] - delay: Delayed 2 second(s)

2019-03-06 11:49:11 - [MESSAGE][PASSED] - Delayed 2 second(s)

2019-03-06 11:49:11 - [TEST_STEP][PASSED] - setText: Text '#ff0015' is set on object 'Object Repository/1.Configuracion/4.Priorizacion Factores Contributivos/1.Crear/inputColor'

2019-03-06 11:49:11 - [MESSAGE][PASSED] - Text '#ff0015' is set on object 'Object Repository/1.Configuracion/4.Priorizacion Factores Contributivos/1.Crear/inputColor'

2019-03-06 11:49:11 - [TEST_STEP][PASSED] - delay: Delayed 2 second(s)

2019-03-06 11:49:13 - [MESSAGE][PASSED] - Delayed 2 second(s)

2019-03-06 11:49:13 - [TEST_STEP][PASSED] - setText: Text 'ES una descripcion Relax, no es mas..' is set on object 'Object Repository/1.Configuracion/4.Priorizacion Factores Contributivos/1.Crear/textareaDescripcion'

2019-03-06 11:49:14 - [MESSAGE][PASSED] - Text 'ES una descripcion Relax, no es mas..' is set on object 'Object Repository/1.Configuracion/4.Priorizacion Factores Contributivos/1.Crear/textareaDescripcion'

2019-03-06 11:49:14 - [TEST_STEP][PASSED] - delay: Delayed 2 second(s)

2019-03-06 11:49:16 - [MESSAGE][PASSED] - Delayed 2 second(s)

2019-03-06 11:49:16 - [TEST_STEP][PASSED] - executeJavaScript: Execute JavaScript '$("#sf_admin_content > div > form > ul > li:nth-child(3) > input").click();' successfully

2019-03-06 11:49:16 - [MESSAGE][PASSED] - Execute JavaScript '$("#sf_admin_content > div > form > ul > li:nth-child(3) > input").click();' successfully

2019-03-06 11:49:16 - [TEST_STEP][PASSED] - delay: Delayed 2 second(s)

2019-03-06 11:49:18 - [MESSAGE][PASSED] - Delayed 2 second(s)

2019-03-06 11:49:18 - [TEST_STEP][PASSED] - executeJavaScript: Execute JavaScript '$("#sf_admin_content > div > form > ul > li:nth-child(2) > a").click();' successfully

2019-03-06 11:49:18 - [MESSAGE][PASSED] - Execute JavaScript '$("#sf_admin_content > div > form > ul > li:nth-child(2) > a").click();' successfully

2019-03-06 11:49:18 - [TEST_STEP][PASSED] - delay: Delayed 3 second(s)

2019-03-06 11:49:21 - [MESSAGE][PASSED] - Delayed 3 second(s)]]></system-out>
         <system-err><![CDATA[]]></system-err>
      </testcase>
      <testcase name="Test Cases/1.Configuraciones/4.Priorizacion Factores Contributivos/2.Ver" classname="Test Cases/1.Configuraciones/4.Priorizacion Factores Contributivos/2.Ver" status="PASSED">
         <system-out><![CDATA[2019-03-06 11:49:21 - [TEST_CASE][PASSED] - Test Cases/1.Configuraciones/4.Priorizacion Factores Contributivos/2.Ver: Test Cases/1.Configuraciones/4.Priorizacion Factores Contributivos/2.Ver

2019-03-06 11:49:21 - [TEST_STEP][PASSED] - delay: Delayed 2 second(s)

2019-03-06 11:49:23 - [MESSAGE][PASSED] - Delayed 2 second(s)

2019-03-06 11:49:23 - [TEST_STEP][PASSED] - navigateToUrl: Navigate to 'http://54.203.130.100:8106/app_mysql.php/event_conductive_priority?related_module=event' successfully

2019-03-06 11:49:25 - [MESSAGE][PASSED] - Navigate to 'http://54.203.130.100:8106/app_mysql.php/event_conductive_priority?related_module=event' successfully

2019-03-06 11:49:25 - [TEST_STEP][PASSED] - delay: Delayed 2 second(s)

2019-03-06 11:49:27 - [MESSAGE][PASSED] - Delayed 2 second(s)

2019-03-06 11:49:27 - [TEST_STEP][PASSED] - executeJavaScript: Execute JavaScript '$("#items_3").click();' successfully

2019-03-06 11:49:27 - [MESSAGE][PASSED] - Execute JavaScript '$("#items_3").click();' successfully

2019-03-06 11:49:27 - [TEST_STEP][PASSED] - delay: Delayed 2 second(s)

2019-03-06 11:49:29 - [MESSAGE][PASSED] - Delayed 2 second(s)

2019-03-06 11:49:29 - [TEST_STEP][PASSED] - executeJavaScript: Execute JavaScript '$("body > div.wrapper > div.content-wrapper > section.content-header > div.header-actions > div > a:nth-child(2)").click();' successfully

2019-03-06 11:49:29 - [MESSAGE][PASSED] - Execute JavaScript '$("body > div.wrapper > div.content-wrapper > section.content-header > div.header-actions > div > a:nth-child(2)").click();' successfully

2019-03-06 11:49:29 - [TEST_STEP][PASSED] - delay: Delayed 2 second(s)

2019-03-06 11:49:31 - [MESSAGE][PASSED] - Delayed 2 second(s)

2019-03-06 11:49:31 - [TEST_STEP][PASSED] - executeJavaScript: Execute JavaScript '$("#sf_admin_content > div > form > ul > li:nth-child(2) > a").click();' successfully

2019-03-06 11:49:31 - [MESSAGE][PASSED] - Execute JavaScript '$("#sf_admin_content > div > form > ul > li:nth-child(2) > a").click();' successfully

2019-03-06 11:49:31 - [TEST_STEP][PASSED] - delay: Delayed 2 second(s)

2019-03-06 11:49:33 - [MESSAGE][PASSED] - Delayed 2 second(s)]]></system-out>
         <system-err><![CDATA[]]></system-err>
      </testcase>
      <testcase name="Test Cases/1.Configuraciones/4.Priorizacion Factores Contributivos/3.Inhabilitar" classname="Test Cases/1.Configuraciones/4.Priorizacion Factores Contributivos/3.Inhabilitar" status="PASSED">
         <system-out><![CDATA[2019-03-06 11:49:33 - [TEST_CASE][PASSED] - Test Cases/1.Configuraciones/4.Priorizacion Factores Contributivos/3.Inhabilitar: Test Cases/1.Configuraciones/4.Priorizacion Factores Contributivos/3.Inhabilitar

2019-03-06 11:49:33 - [TEST_STEP][PASSED] - navigateToUrl: Navigate to 'http://54.203.130.100:8106/app_mysql.php/event_conductive_priority?related_module=event' successfully

2019-03-06 11:49:36 - [MESSAGE][PASSED] - Navigate to 'http://54.203.130.100:8106/app_mysql.php/event_conductive_priority?related_module=event' successfully

2019-03-06 11:49:36 - [TEST_STEP][PASSED] - delay: Delayed 2 second(s)

2019-03-06 11:49:38 - [MESSAGE][PASSED] - Delayed 2 second(s)

2019-03-06 11:49:38 - [TEST_STEP][PASSED] - executeJavaScript: Execute JavaScript '$("#items_3").click();' successfully

2019-03-06 11:49:38 - [MESSAGE][PASSED] - Execute JavaScript '$("#items_3").click();' successfully

2019-03-06 11:49:38 - [TEST_STEP][PASSED] - delay: Delayed 2 second(s)

2019-03-06 11:49:40 - [MESSAGE][PASSED] - Delayed 2 second(s)

2019-03-06 11:49:40 - [TEST_STEP][PASSED] - executeJavaScript: Execute JavaScript '$("body > div.wrapper > div.content-wrapper > section.content-header > div.header-actions > div > div > a").click();' successfully

2019-03-06 11:49:40 - [MESSAGE][PASSED] - Execute JavaScript '$("body > div.wrapper > div.content-wrapper > section.content-header > div.header-actions > div > div > a").click();' successfully

2019-03-06 11:49:40 - [TEST_STEP][PASSED] - delay: Delayed 2 second(s)

2019-03-06 11:49:42 - [MESSAGE][PASSED] - Delayed 2 second(s)

2019-03-06 11:49:42 - [TEST_STEP][PASSED] - executeJavaScript: Execute JavaScript '$("body > div.wrapper > div.content-wrapper > section.content-header > div.header-actions > div > div > ul > li > a").click();' successfully

2019-03-06 11:49:42 - [MESSAGE][PASSED] - Execute JavaScript '$("body > div.wrapper > div.content-wrapper > section.content-header > div.header-actions > div > div > ul > li > a").click();' successfully

2019-03-06 11:49:42 - [TEST_STEP][PASSED] - delay: Delayed 2 second(s)

2019-03-06 11:49:44 - [MESSAGE][PASSED] - Delayed 2 second(s)

2019-03-06 11:49:44 - [TEST_STEP][PASSED] - acceptAlert: Alert accepted

2019-03-06 11:49:44 - [MESSAGE][PASSED] - Alert accepted

2019-03-06 11:49:44 - [TEST_STEP][PASSED] - delay: Delayed 10 second(s)

2019-03-06 11:49:54 - [MESSAGE][PASSED] - Delayed 10 second(s)

2019-03-06 11:49:54 - [TEST_STEP][PASSED] - executeJavaScript: Execute JavaScript '$("#items_3").click();' successfully

2019-03-06 11:49:54 - [MESSAGE][PASSED] - Execute JavaScript '$("#items_3").click();' successfully

2019-03-06 11:49:54 - [TEST_STEP][PASSED] - delay: Delayed 2 second(s)

2019-03-06 11:49:56 - [MESSAGE][PASSED] - Delayed 2 second(s)

2019-03-06 11:49:56 - [TEST_STEP][PASSED] - executeJavaScript: Execute JavaScript '$("body > div.wrapper > div.content-wrapper > section.content-header > div.header-actions > div > a:nth-child(3)").click();' successfully

2019-03-06 11:49:56 - [MESSAGE][PASSED] - Execute JavaScript '$("body > div.wrapper > div.content-wrapper > section.content-header > div.header-actions > div > a:nth-child(3)").click();' successfully

2019-03-06 11:49:56 - [TEST_STEP][PASSED] - delay: Delayed 2 second(s)

2019-03-06 11:49:58 - [MESSAGE][PASSED] - Delayed 2 second(s)

2019-03-06 11:49:58 - [TEST_STEP][PASSED] - executeJavaScript: Execute JavaScript '$("#event_injury_level_state").click();' successfully

2019-03-06 11:49:58 - [MESSAGE][PASSED] - Execute JavaScript '$("#event_injury_level_state").click();' successfully

2019-03-06 11:49:58 - [TEST_STEP][PASSED] - delay: Delayed 2 second(s)

2019-03-06 11:50:00 - [MESSAGE][PASSED] - Delayed 2 second(s)

2019-03-06 11:50:00 - [TEST_STEP][PASSED] - executeJavaScript: Execute JavaScript '$("#sf_admin_content > div > form > ul > li:nth-child(3) > input").click();' successfully

2019-03-06 11:50:00 - [MESSAGE][PASSED] - Execute JavaScript '$("#sf_admin_content > div > form > ul > li:nth-child(3) > input").click();' successfully

2019-03-06 11:50:00 - [TEST_STEP][PASSED] - delay: Delayed 2 second(s)

2019-03-06 11:50:02 - [MESSAGE][PASSED] - Delayed 2 second(s)

2019-03-06 11:50:02 - [TEST_STEP][PASSED] - executeJavaScript: Execute JavaScript '$("#sf_admin_content > div > form > ul > li:nth-child(2) > a").click();' successfully

2019-03-06 11:50:02 - [MESSAGE][PASSED] - Execute JavaScript '$("#sf_admin_content > div > form > ul > li:nth-child(2) > a").click();' successfully

2019-03-06 11:50:02 - [TEST_STEP][PASSED] - delay: Delayed 3 second(s)

2019-03-06 11:50:05 - [MESSAGE][PASSED] - Delayed 3 second(s)]]></system-out>
         <system-err><![CDATA[]]></system-err>
      </testcase>
      <testcase name="Test Cases/1.Configuraciones/4.Priorizacion Factores Contributivos/4.Editar" classname="Test Cases/1.Configuraciones/4.Priorizacion Factores Contributivos/4.Editar" status="PASSED">
         <system-out><![CDATA[2019-03-06 11:50:05 - [TEST_CASE][PASSED] - Test Cases/1.Configuraciones/4.Priorizacion Factores Contributivos/4.Editar: Test Cases/1.Configuraciones/4.Priorizacion Factores Contributivos/4.Editar

2019-03-06 11:50:05 - [TEST_STEP][PASSED] - delay: Delayed 2 second(s)

2019-03-06 11:50:07 - [MESSAGE][PASSED] - Delayed 2 second(s)

2019-03-06 11:50:07 - [TEST_STEP][PASSED] - navigateToUrl: Navigate to 'http://54.203.130.100:8106/app_mysql.php/event_conductive_priority?related_module=event' successfully

2019-03-06 11:50:10 - [MESSAGE][PASSED] - Navigate to 'http://54.203.130.100:8106/app_mysql.php/event_conductive_priority?related_module=event' successfully

2019-03-06 11:50:10 - [TEST_STEP][PASSED] - delay: Delayed 2 second(s)

2019-03-06 11:50:12 - [MESSAGE][PASSED] - Delayed 2 second(s)

2019-03-06 11:50:12 - [TEST_STEP][PASSED] - executeJavaScript: Execute JavaScript '$("#items_3").click();' successfully

2019-03-06 11:50:12 - [MESSAGE][PASSED] - Execute JavaScript '$("#items_3").click();' successfully

2019-03-06 11:50:12 - [TEST_STEP][PASSED] - delay: Delayed 2 second(s)

2019-03-06 11:50:14 - [MESSAGE][PASSED] - Delayed 2 second(s)

2019-03-06 11:50:14 - [TEST_STEP][PASSED] - executeJavaScript: Execute JavaScript '$("body > div.wrapper > div.content-wrapper > section.content-header > div.header-actions > div > a:nth-child(3)").click();' successfully

2019-03-06 11:50:14 - [MESSAGE][PASSED] - Execute JavaScript '$("body > div.wrapper > div.content-wrapper > section.content-header > div.header-actions > div > a:nth-child(3)").click();' successfully

2019-03-06 11:50:14 - [TEST_STEP][PASSED] - delay: Delayed 2 second(s)

2019-03-06 11:50:16 - [MESSAGE][PASSED] - Delayed 2 second(s)

2019-03-06 11:50:16 - [TEST_STEP][PASSED] - setText: Text 'Priorizacion segunda...' is set on object 'Object Repository/1.Configuracion/4.Priorizacion Factores Contributivos/2.Editar/inputNombre'

2019-03-06 11:50:16 - [MESSAGE][PASSED] - Text 'Priorizacion segunda...' is set on object 'Object Repository/1.Configuracion/4.Priorizacion Factores Contributivos/2.Editar/inputNombre'

2019-03-06 11:50:16 - [TEST_STEP][PASSED] - delay: Delayed 2 second(s)

2019-03-06 11:50:18 - [MESSAGE][PASSED] - Delayed 2 second(s)

2019-03-06 11:50:18 - [TEST_STEP][PASSED] - executeJavaScript: Execute JavaScript '$("#event_conductive_priority_require_action").click();' successfully

2019-03-06 11:50:18 - [MESSAGE][PASSED] - Execute JavaScript '$("#event_conductive_priority_require_action").click();' successfully

2019-03-06 11:50:18 - [TEST_STEP][PASSED] - delay: Delayed 2 second(s)

2019-03-06 11:50:20 - [MESSAGE][PASSED] - Delayed 2 second(s)

2019-03-06 11:50:20 - [TEST_STEP][PASSED] - setText: Text '0002' is set on object 'Object Repository/1.Configuracion/4.Priorizacion Factores Contributivos/2.Editar/inputOrden'

2019-03-06 11:50:20 - [MESSAGE][PASSED] - Text '0002' is set on object 'Object Repository/1.Configuracion/4.Priorizacion Factores Contributivos/2.Editar/inputOrden'

2019-03-06 11:50:20 - [TEST_STEP][PASSED] - delay: Delayed 2 second(s)

2019-03-06 11:50:22 - [MESSAGE][PASSED] - Delayed 2 second(s)

2019-03-06 11:50:22 - [TEST_STEP][PASSED] - setText: Text '#ff0000' is set on object 'Object Repository/1.Configuracion/4.Priorizacion Factores Contributivos/2.Editar/inputColor'

2019-03-06 11:50:23 - [MESSAGE][PASSED] - Text '#ff0000' is set on object 'Object Repository/1.Configuracion/4.Priorizacion Factores Contributivos/2.Editar/inputColor'

2019-03-06 11:50:23 - [TEST_STEP][PASSED] - delay: Delayed 2 second(s)

2019-03-06 11:50:25 - [MESSAGE][PASSED] - Delayed 2 second(s)

2019-03-06 11:50:25 - [TEST_STEP][PASSED] - setText: Text 'ES una descripcion compuesta, no es mas..' is set on object 'Object Repository/1.Configuracion/4.Priorizacion Factores Contributivos/2.Editar/textareaDescripcion'

2019-03-06 11:50:25 - [MESSAGE][PASSED] - Text 'ES una descripcion compuesta, no es mas..' is set on object 'Object Repository/1.Configuracion/4.Priorizacion Factores Contributivos/2.Editar/textareaDescripcion'

2019-03-06 11:50:25 - [TEST_STEP][PASSED] - delay: Delayed 2 second(s)

2019-03-06 11:50:27 - [MESSAGE][PASSED] - Delayed 2 second(s)

2019-03-06 11:50:27 - [TEST_STEP][PASSED] - executeJavaScript: Execute JavaScript '$("#sf_admin_content > div > form > ul > li:nth-child(3) > input").click();' successfully

2019-03-06 11:50:27 - [MESSAGE][PASSED] - Execute JavaScript '$("#sf_admin_content > div > form > ul > li:nth-child(3) > input").click();' successfully

2019-03-06 11:50:27 - [TEST_STEP][PASSED] - delay: Delayed 2 second(s)

2019-03-06 11:50:29 - [MESSAGE][PASSED] - Delayed 2 second(s)

2019-03-06 11:50:29 - [TEST_STEP][PASSED] - executeJavaScript: Execute JavaScript '$("#sf_admin_content > div > form > ul > li:nth-child(2) > a").click();' successfully

2019-03-06 11:50:29 - [MESSAGE][PASSED] - Execute JavaScript '$("#sf_admin_content > div > form > ul > li:nth-child(2) > a").click();' successfully

2019-03-06 11:50:29 - [TEST_STEP][PASSED] - delay: Delayed 3 second(s)

2019-03-06 11:50:32 - [MESSAGE][PASSED] - Delayed 3 second(s)]]></system-out>
         <system-err><![CDATA[]]></system-err>
      </testcase>
      <testcase name="Test Cases/1.Configuraciones/4.Priorizacion Factores Contributivos/5.Eliminar" classname="Test Cases/1.Configuraciones/4.Priorizacion Factores Contributivos/5.Eliminar" status="PASSED">
         <system-out><![CDATA[2019-03-06 11:50:32 - [TEST_CASE][PASSED] - Test Cases/1.Configuraciones/4.Priorizacion Factores Contributivos/5.Eliminar: Test Cases/1.Configuraciones/4.Priorizacion Factores Contributivos/5.Eliminar

2019-03-06 11:50:32 - [TEST_STEP][PASSED] - delay: Delayed 2 second(s)

2019-03-06 11:50:34 - [MESSAGE][PASSED] - Delayed 2 second(s)

2019-03-06 11:50:34 - [TEST_STEP][PASSED] - navigateToUrl: Navigate to 'http://54.203.130.100:8106/app_mysql.php/event_conductive_priority?related_module=event' successfully

2019-03-06 11:50:37 - [MESSAGE][PASSED] - Navigate to 'http://54.203.130.100:8106/app_mysql.php/event_conductive_priority?related_module=event' successfully

2019-03-06 11:50:37 - [TEST_STEP][PASSED] - delay: Delayed 2 second(s)

2019-03-06 11:50:39 - [MESSAGE][PASSED] - Delayed 2 second(s)

2019-03-06 11:50:39 - [TEST_STEP][PASSED] - executeJavaScript: Execute JavaScript '$("#items_3").click();' successfully

2019-03-06 11:50:39 - [MESSAGE][PASSED] - Execute JavaScript '$("#items_3").click();' successfully

2019-03-06 11:50:39 - [TEST_STEP][PASSED] - delay: Delayed 2 second(s)

2019-03-06 11:50:41 - [MESSAGE][PASSED] - Delayed 2 second(s)

2019-03-06 11:50:41 - [TEST_STEP][PASSED] - executeJavaScript: Execute JavaScript '$("body > div.wrapper > div.content-wrapper > section.content-header > div.header-actions > div > a.btn.btn-primary.btn-circle.btn-sm.tq_various_confirm_standar").click();' successfully

2019-03-06 11:50:41 - [MESSAGE][PASSED] - Execute JavaScript '$("body > div.wrapper > div.content-wrapper > section.content-header > div.header-actions > div > a.btn.btn-primary.btn-circle.btn-sm.tq_various_confirm_standar").click();' successfully

2019-03-06 11:50:41 - [TEST_STEP][PASSED] - delay: Delayed 2 second(s)

2019-03-06 11:50:43 - [MESSAGE][PASSED] - Delayed 2 second(s)

2019-03-06 11:50:43 - [TEST_STEP][PASSED] - acceptAlert: Alert accepted

2019-03-06 11:50:43 - [MESSAGE][PASSED] - Alert accepted

2019-03-06 11:50:43 - [TEST_STEP][PASSED] - executeJavaScript: Execute JavaScript '$("#sf_admin_content > div > form > ul > li:nth-child(2) > a").click();' successfully

2019-03-06 11:50:43 - [MESSAGE][PASSED] - Execute JavaScript '$("#sf_admin_content > div > form > ul > li:nth-child(2) > a").click();' successfully

2019-03-06 11:50:43 - [TEST_STEP][PASSED] - delay: Delayed 3 second(s)

2019-03-06 11:50:46 - [MESSAGE][PASSED] - Delayed 3 second(s)]]></system-out>
         <system-err><![CDATA[]]></system-err>
      </testcase>
      <system-out><![CDATA[2019-03-06 11:48:32 - [TEST_SUITE][PASSED] - Eventos_PriorizacionFactores: Test Cases/1.Configuraciones/4.Priorizacion Factores Contributivos/5.Eliminar]]></system-out>
      <system-err><![CDATA[]]></system-err>
   </testsuite>
</testsuites>
